c:\users\19002\desktop\cplusplus_kaiyuan\cplusplus\x64\debug\vc143.pdb
c:\users\19002\desktop\cplusplus_kaiyuan\cplusplus\x64\debug\vc143.idb
c:\users\19002\desktop\cplusplus_kaiyuan\cplusplus\x64\debug\排序.obj
c:\users\19002\desktop\cplusplus_kaiyuan\x64\debug\cplusplus.exe
c:\users\19002\desktop\cplusplus_kaiyuan\x64\debug\cplusplus.pdb
c:\users\19002\desktop\cplusplus_kaiyuan\cplusplus\x64\debug\cplusplus.ilk
c:\users\19002\desktop\cplusplus_kaiyuan\cplusplus\x64\debug\0708renjiduihua.obj
c:\users\19002\desktop\cplusplus_kaiyuan\cplusplus\x64\debug\0708计算器.obj
c:\users\19002\desktop\cplusplus_kaiyuan\cplusplus\x64\debug\main.obj
c:\users\19002\desktop\cplusplus_kaiyuan\cplusplus\x64\debug\main1.obj
c:\users\19002\desktop\cplusplus_kaiyuan\cplusplus\x64\debug\main2.obj
c:\users\19002\desktop\cplusplus_kaiyuan\cplusplus\x64\debug\三角形整列.obj
c:\users\19002\desktop\cplusplus_kaiyuan\cplusplus\x64\debug\三角形阵列2.obj
c:\users\19002\desktop\cplusplus_kaiyuan\cplusplus\x64\debug\三角形阵列3.obj
c:\users\19002\desktop\cplusplus_kaiyuan\cplusplus\x64\debug\九九加法表.obj
c:\users\19002\desktop\cplusplus_kaiyuan\cplusplus\x64\debug\杨辉三角形.obj
c:\users\19002\desktop\cplusplus_kaiyuan\cplusplus\x64\debug\求π.obj
c:\users\19002\desktop\cplusplus_kaiyuan\cplusplus\x64\debug\cplusplus.tlog\cl.command.1.tlog
c:\users\19002\desktop\cplusplus_kaiyuan\cplusplus\x64\debug\cplusplus.tlog\cl.items.tlog
c:\users\19002\desktop\cplusplus_kaiyuan\cplusplus\x64\debug\cplusplus.tlog\cl.read.1.tlog
c:\users\19002\desktop\cplusplus_kaiyuan\cplusplus\x64\debug\cplusplus.tlog\cl.write.1.tlog
c:\users\19002\desktop\cplusplus_kaiyuan\cplusplus\x64\debug\cplusplus.tlog\link.command.1.tlog
c:\users\19002\desktop\cplusplus_kaiyuan\cplusplus\x64\debug\cplusplus.tlog\link.read.1.tlog
c:\users\19002\desktop\cplusplus_kaiyuan\cplusplus\x64\debug\cplusplus.tlog\link.secondary.1.tlog
c:\users\19002\desktop\cplusplus_kaiyuan\cplusplus\x64\debug\cplusplus.tlog\link.write.1.tlog
